<?xml version="1.0" encoding="UTF-8"?>
<!-- Generated by org.testng.reporters.JUnitXMLReporter -->
<testsuite ignored="0" hostname="DESKTOP-GT6GQKI" failures="0" tests="2" name="Default test" time="61.647" errors="0" timestamp="2022-10-29T17:33:12 IST">
  <testcase classname="Module_Login1_TestClass.OrangeHRM_TestNG_TestClass" name="VerifyUsername" time="20.077"/>
  <testcase classname="Module_Login1_TestClass.OrangeHRM_TestNG_TestClass" name="VerifyTitle" time="3.948"/>
</testsuite> <!-- Default test -->
